2025-10-03 15:24:04,439 - __main__ - INFO - Starting Improved Supermarket Management System
2025-10-03 15:24:05,169 - database - INFO - Default products initialized successfully
2025-10-03 15:25:05,085 - billing_service - INFO - Inventory updated successfully
2025-10-03 15:25:05,085 - billing_service - INFO - Bill C6CBBB20 created successfully
2025-10-03 15:26:06,532 - billing_service - INFO - Inventory updated successfully
2025-10-03 15:26:06,532 - billing_service - INFO - Bill DA40E664 created successfully
2025-10-03 15:53:25,613 - __main__ - INFO - Starting AI-Powered Supermarket Management System v2.0
2025-10-03 15:53:25,614 - root - ERROR - Error starting application: InventoryService.__init__() takes 2 positional arguments but 3 were given
2025-10-03 15:54:18,744 - __main__ - INFO - Starting AI-Powered Supermarket Management System v2.0
2025-10-03 15:54:18,745 - root - ERROR - Error starting application: InventoryService.__init__() takes 2 positional arguments but 3 were given
2025-10-03 16:41:23,866 - __main__ - INFO - Starting AI-Powered Supermarket Management System v2.0
2025-10-03 16:41:24,369 - database - ERROR - Error loading bills: 'bill_id'
2025-10-03 16:41:24,369 - ai_features - INFO - Loaded 0 sales records
2025-10-03 16:41:24,993 - database - ERROR - Error loading bills: 'bill_id'
2025-10-03 16:41:24,995 - database - ERROR - Error loading bills: 'bill_id'
2025-10-03 16:41:25,003 - database - ERROR - Error loading bills: 'bill_id'
2025-10-03 16:41:25,003 - database - ERROR - Error loading bills: 'bill_id'
2025-10-03 16:41:25,004 - database - ERROR - Error loading bills: 'bill_id'
2025-10-03 16:41:25,004 - database - ERROR - Error loading bills: 'bill_id'
2025-10-03 16:41:25,004 - database - ERROR - Error loading bills: 'bill_id'
2025-10-03 16:41:25,004 - database - ERROR - Error loading bills: 'bill_id'
2025-10-03 16:41:25,004 - database - ERROR - Error loading bills: 'bill_id'
2025-10-03 16:41:25,164 - dashboard - ERROR - Error updating inventory chart: 'list' object has no attribute 'values'
2025-10-03 16:41:25,164 - database - ERROR - Error loading bills: 'bill_id'
2025-10-03 16:41:25,164 - dashboard - ERROR - Error updating customer analytics: division by zero
2025-10-03 16:41:25,164 - database - ERROR - Error loading bills: 'bill_id'
2025-10-03 16:41:25,165 - database - ERROR - Error loading bills: 'bill_id'
2025-10-03 16:41:25,165 - dashboard - ERROR - Error updating predictive analytics: 'list' object has no attribute 'values'
2025-10-03 16:41:30,167 - database - ERROR - Error loading bills: 'bill_id'
2025-10-03 16:41:30,168 - database - ERROR - Error loading bills: 'bill_id'
2025-10-03 16:41:30,177 - database - ERROR - Error loading bills: 'bill_id'
2025-10-03 16:41:30,177 - database - ERROR - Error loading bills: 'bill_id'
2025-10-03 16:41:30,177 - database - ERROR - Error loading bills: 'bill_id'
2025-10-03 16:41:30,178 - database - ERROR - Error loading bills: 'bill_id'
2025-10-03 16:41:30,178 - database - ERROR - Error loading bills: 'bill_id'
2025-10-03 16:41:30,178 - database - ERROR - Error loading bills: 'bill_id'
2025-10-03 16:41:30,178 - database - ERROR - Error loading bills: 'bill_id'
2025-10-03 16:41:30,286 - dashboard - ERROR - Error updating inventory chart: 'list' object has no attribute 'values'
2025-10-03 16:41:30,287 - database - ERROR - Error loading bills: 'bill_id'
2025-10-03 16:41:30,287 - dashboard - ERROR - Error updating customer analytics: division by zero
2025-10-03 16:41:30,287 - database - ERROR - Error loading bills: 'bill_id'
2025-10-03 16:41:30,288 - database - ERROR - Error loading bills: 'bill_id'
2025-10-03 16:41:30,288 - dashboard - ERROR - Error updating predictive analytics: 'list' object has no attribute 'values'
2025-10-03 16:41:35,289 - database - ERROR - Error loading bills: 'bill_id'
2025-10-03 16:41:35,291 - database - ERROR - Error loading bills: 'bill_id'
2025-10-03 16:41:35,300 - database - ERROR - Error loading bills: 'bill_id'
2025-10-03 16:41:35,300 - database - ERROR - Error loading bills: 'bill_id'
2025-10-03 16:41:35,301 - database - ERROR - Error loading bills: 'bill_id'
2025-10-03 16:41:35,301 - database - ERROR - Error loading bills: 'bill_id'
2025-10-03 16:41:35,301 - database - ERROR - Error loading bills: 'bill_id'
2025-10-03 16:41:35,301 - database - ERROR - Error loading bills: 'bill_id'
2025-10-03 16:41:35,302 - database - ERROR - Error loading bills: 'bill_id'
2025-10-03 16:41:35,413 - dashboard - ERROR - Error updating inventory chart: 'list' object has no attribute 'values'
2025-10-03 16:41:35,413 - database - ERROR - Error loading bills: 'bill_id'
2025-10-03 16:41:35,414 - dashboard - ERROR - Error updating customer analytics: division by zero
2025-10-03 16:41:35,414 - database - ERROR - Error loading bills: 'bill_id'
2025-10-03 16:41:35,415 - database - ERROR - Error loading bills: 'bill_id'
2025-10-03 16:41:35,415 - dashboard - ERROR - Error updating predictive analytics: 'list' object has no attribute 'values'
2025-10-03 16:41:40,416 - database - ERROR - Error loading bills: 'bill_id'
2025-10-03 16:41:40,417 - database - ERROR - Error loading bills: 'bill_id'
2025-10-03 16:41:40,429 - database - ERROR - Error loading bills: 'bill_id'
2025-10-03 16:41:40,429 - database - ERROR - Error loading bills: 'bill_id'
2025-10-03 16:41:40,430 - database - ERROR - Error loading bills: 'bill_id'
2025-10-03 16:41:40,430 - database - ERROR - Error loading bills: 'bill_id'
2025-10-03 16:41:40,430 - database - ERROR - Error loading bills: 'bill_id'
2025-10-03 16:41:40,430 - database - ERROR - Error loading bills: 'bill_id'
2025-10-03 16:41:40,431 - database - ERROR - Error loading bills: 'bill_id'
2025-10-03 16:41:40,567 - dashboard - ERROR - Error updating inventory chart: 'list' object has no attribute 'values'
2025-10-03 16:41:40,567 - database - ERROR - Error loading bills: 'bill_id'
2025-10-03 16:41:40,567 - dashboard - ERROR - Error updating customer analytics: division by zero
2025-10-03 16:41:40,568 - database - ERROR - Error loading bills: 'bill_id'
2025-10-03 16:41:40,568 - database - ERROR - Error loading bills: 'bill_id'
2025-10-03 16:41:40,569 - dashboard - ERROR - Error updating predictive analytics: 'list' object has no attribute 'values'
2025-10-03 16:41:45,571 - database - ERROR - Error loading bills: 'bill_id'
2025-10-03 16:41:45,572 - database - ERROR - Error loading bills: 'bill_id'
2025-10-03 16:41:45,580 - database - ERROR - Error loading bills: 'bill_id'
2025-10-03 16:41:45,581 - database - ERROR - Error loading bills: 'bill_id'
2025-10-03 16:41:45,581 - database - ERROR - Error loading bills: 'bill_id'
2025-10-03 16:41:45,581 - database - ERROR - Error loading bills: 'bill_id'
2025-10-03 16:41:45,581 - database - ERROR - Error loading bills: 'bill_id'
2025-10-03 16:41:45,582 - database - ERROR - Error loading bills: 'bill_id'
2025-10-03 16:41:45,582 - database - ERROR - Error loading bills: 'bill_id'
2025-10-03 16:41:45,703 - dashboard - ERROR - Error updating inventory chart: 'list' object has no attribute 'values'
2025-10-03 16:41:45,703 - database - ERROR - Error loading bills: 'bill_id'
2025-10-03 16:41:45,703 - dashboard - ERROR - Error updating customer analytics: division by zero
2025-10-03 16:41:45,703 - database - ERROR - Error loading bills: 'bill_id'
2025-10-03 16:41:45,704 - database - ERROR - Error loading bills: 'bill_id'
2025-10-03 16:41:45,705 - dashboard - ERROR - Error updating predictive analytics: 'list' object has no attribute 'values'
2025-10-03 16:41:50,706 - database - ERROR - Error loading bills: 'bill_id'
2025-10-03 16:41:50,707 - database - ERROR - Error loading bills: 'bill_id'
2025-10-03 16:41:50,716 - database - ERROR - Error loading bills: 'bill_id'
2025-10-03 16:41:50,716 - database - ERROR - Error loading bills: 'bill_id'
2025-10-03 16:41:50,716 - database - ERROR - Error loading bills: 'bill_id'
2025-10-03 16:41:50,717 - database - ERROR - Error loading bills: 'bill_id'
2025-10-03 16:41:50,717 - database - ERROR - Error loading bills: 'bill_id'
2025-10-03 16:41:50,717 - database - ERROR - Error loading bills: 'bill_id'
2025-10-03 16:41:50,717 - database - ERROR - Error loading bills: 'bill_id'
2025-10-03 16:41:50,834 - dashboard - ERROR - Error updating inventory chart: 'list' object has no attribute 'values'
2025-10-03 16:41:50,835 - database - ERROR - Error loading bills: 'bill_id'
2025-10-03 16:41:50,835 - dashboard - ERROR - Error updating customer analytics: division by zero
2025-10-03 16:41:50,835 - database - ERROR - Error loading bills: 'bill_id'
2025-10-03 16:41:50,836 - database - ERROR - Error loading bills: 'bill_id'
2025-10-03 16:41:50,836 - dashboard - ERROR - Error updating predictive analytics: 'list' object has no attribute 'values'
2025-10-03 16:41:55,838 - database - ERROR - Error loading bills: 'bill_id'
2025-10-03 16:41:55,839 - database - ERROR - Error loading bills: 'bill_id'
2025-10-03 16:41:55,848 - database - ERROR - Error loading bills: 'bill_id'
2025-10-03 16:41:55,849 - database - ERROR - Error loading bills: 'bill_id'
2025-10-03 16:41:55,849 - database - ERROR - Error loading bills: 'bill_id'
2025-10-03 16:41:55,849 - database - ERROR - Error loading bills: 'bill_id'
2025-10-03 16:41:55,849 - database - ERROR - Error loading bills: 'bill_id'
2025-10-03 16:41:55,849 - database - ERROR - Error loading bills: 'bill_id'
2025-10-03 16:41:55,850 - database - ERROR - Error loading bills: 'bill_id'
2025-10-03 16:41:55,976 - dashboard - ERROR - Error updating inventory chart: 'list' object has no attribute 'values'
2025-10-03 16:41:55,976 - database - ERROR - Error loading bills: 'bill_id'
2025-10-03 16:41:55,976 - dashboard - ERROR - Error updating customer analytics: division by zero
2025-10-03 16:41:55,976 - database - ERROR - Error loading bills: 'bill_id'
2025-10-03 16:41:55,977 - database - ERROR - Error loading bills: 'bill_id'
2025-10-03 16:41:55,977 - dashboard - ERROR - Error updating predictive analytics: 'list' object has no attribute 'values'
2025-10-03 16:42:00,979 - database - ERROR - Error loading bills: 'bill_id'
2025-10-03 16:42:00,980 - database - ERROR - Error loading bills: 'bill_id'
2025-10-03 16:42:00,993 - database - ERROR - Error loading bills: 'bill_id'
2025-10-03 16:42:00,993 - database - ERROR - Error loading bills: 'bill_id'
2025-10-03 16:42:00,994 - database - ERROR - Error loading bills: 'bill_id'
2025-10-03 16:42:00,994 - database - ERROR - Error loading bills: 'bill_id'
2025-10-03 16:42:00,994 - database - ERROR - Error loading bills: 'bill_id'
2025-10-03 16:42:00,994 - database - ERROR - Error loading bills: 'bill_id'
2025-10-03 16:42:00,994 - database - ERROR - Error loading bills: 'bill_id'
2025-10-03 16:42:01,141 - dashboard - ERROR - Error updating inventory chart: 'list' object has no attribute 'values'
2025-10-03 16:42:01,141 - database - ERROR - Error loading bills: 'bill_id'
2025-10-03 16:42:01,141 - dashboard - ERROR - Error updating customer analytics: division by zero
2025-10-03 16:42:01,141 - database - ERROR - Error loading bills: 'bill_id'
2025-10-03 16:42:01,142 - database - ERROR - Error loading bills: 'bill_id'
2025-10-03 16:42:01,142 - dashboard - ERROR - Error updating predictive analytics: 'list' object has no attribute 'values'
2025-10-03 16:42:06,144 - database - ERROR - Error loading bills: 'bill_id'
2025-10-03 16:42:06,145 - database - ERROR - Error loading bills: 'bill_id'
2025-10-03 16:42:06,155 - database - ERROR - Error loading bills: 'bill_id'
2025-10-03 16:42:06,155 - database - ERROR - Error loading bills: 'bill_id'
2025-10-03 16:42:06,156 - database - ERROR - Error loading bills: 'bill_id'
2025-10-03 16:42:06,156 - database - ERROR - Error loading bills: 'bill_id'
2025-10-03 16:42:06,156 - database - ERROR - Error loading bills: 'bill_id'
2025-10-03 16:42:06,156 - database - ERROR - Error loading bills: 'bill_id'
2025-10-03 16:42:06,156 - database - ERROR - Error loading bills: 'bill_id'
2025-10-03 16:42:06,338 - dashboard - ERROR - Error updating inventory chart: 'list' object has no attribute 'values'
2025-10-03 16:42:06,338 - database - ERROR - Error loading bills: 'bill_id'
2025-10-03 16:42:06,339 - dashboard - ERROR - Error updating customer analytics: division by zero
2025-10-03 16:42:06,339 - database - ERROR - Error loading bills: 'bill_id'
2025-10-03 16:42:06,339 - database - ERROR - Error loading bills: 'bill_id'
2025-10-03 16:42:06,340 - dashboard - ERROR - Error updating predictive analytics: 'list' object has no attribute 'values'
2025-10-03 16:42:11,341 - database - ERROR - Error loading bills: 'bill_id'
2025-10-03 16:42:11,342 - database - ERROR - Error loading bills: 'bill_id'
2025-10-03 16:42:11,351 - database - ERROR - Error loading bills: 'bill_id'
2025-10-03 16:42:11,351 - database - ERROR - Error loading bills: 'bill_id'
2025-10-03 16:42:11,351 - database - ERROR - Error loading bills: 'bill_id'
2025-10-03 16:42:11,351 - database - ERROR - Error loading bills: 'bill_id'
2025-10-03 16:42:11,352 - database - ERROR - Error loading bills: 'bill_id'
2025-10-03 16:42:11,352 - database - ERROR - Error loading bills: 'bill_id'
2025-10-03 16:42:11,352 - database - ERROR - Error loading bills: 'bill_id'
2025-10-03 16:42:11,492 - dashboard - ERROR - Error updating inventory chart: 'list' object has no attribute 'values'
2025-10-03 16:42:11,492 - database - ERROR - Error loading bills: 'bill_id'
2025-10-03 16:42:11,492 - dashboard - ERROR - Error updating customer analytics: division by zero
2025-10-03 16:42:11,492 - database - ERROR - Error loading bills: 'bill_id'
2025-10-03 16:42:11,493 - database - ERROR - Error loading bills: 'bill_id'
2025-10-03 16:42:11,494 - dashboard - ERROR - Error updating predictive analytics: 'list' object has no attribute 'values'
2025-10-03 16:42:16,496 - database - ERROR - Error loading bills: 'bill_id'
2025-10-03 16:42:16,497 - database - ERROR - Error loading bills: 'bill_id'
2025-10-03 16:42:16,505 - database - ERROR - Error loading bills: 'bill_id'
2025-10-03 16:42:16,506 - database - ERROR - Error loading bills: 'bill_id'
2025-10-03 16:42:16,506 - database - ERROR - Error loading bills: 'bill_id'
2025-10-03 16:42:16,506 - database - ERROR - Error loading bills: 'bill_id'
2025-10-03 16:42:16,506 - database - ERROR - Error loading bills: 'bill_id'
2025-10-03 16:42:16,507 - database - ERROR - Error loading bills: 'bill_id'
2025-10-03 16:42:16,507 - database - ERROR - Error loading bills: 'bill_id'
2025-10-03 16:42:16,633 - dashboard - ERROR - Error updating inventory chart: 'list' object has no attribute 'values'
2025-10-03 16:42:16,633 - database - ERROR - Error loading bills: 'bill_id'
2025-10-03 16:42:16,634 - dashboard - ERROR - Error updating customer analytics: division by zero
2025-10-03 16:42:16,634 - database - ERROR - Error loading bills: 'bill_id'
2025-10-03 16:42:16,635 - database - ERROR - Error loading bills: 'bill_id'
2025-10-03 16:42:16,635 - dashboard - ERROR - Error updating predictive analytics: 'list' object has no attribute 'values'
2025-10-03 16:42:21,637 - database - ERROR - Error loading bills: 'bill_id'
2025-10-03 16:42:21,638 - database - ERROR - Error loading bills: 'bill_id'
2025-10-03 16:42:21,647 - database - ERROR - Error loading bills: 'bill_id'
2025-10-03 16:42:21,647 - database - ERROR - Error loading bills: 'bill_id'
2025-10-03 16:42:21,647 - database - ERROR - Error loading bills: 'bill_id'
2025-10-03 16:42:21,648 - database - ERROR - Error loading bills: 'bill_id'
2025-10-03 16:42:21,648 - database - ERROR - Error loading bills: 'bill_id'
2025-10-03 16:42:21,648 - database - ERROR - Error loading bills: 'bill_id'
2025-10-03 16:42:21,648 - database - ERROR - Error loading bills: 'bill_id'
2025-10-03 16:42:21,781 - dashboard - ERROR - Error updating inventory chart: 'list' object has no attribute 'values'
2025-10-03 16:42:21,789 - database - ERROR - Error loading bills: 'bill_id'
2025-10-03 16:42:21,789 - dashboard - ERROR - Error updating customer analytics: division by zero
2025-10-03 16:42:21,790 - database - ERROR - Error loading bills: 'bill_id'
2025-10-03 16:42:21,809 - database - ERROR - Error loading bills: 'bill_id'
2025-10-03 16:42:21,827 - dashboard - ERROR - Error updating predictive analytics: 'list' object has no attribute 'values'
2025-10-03 16:42:26,829 - database - ERROR - Error loading bills: 'bill_id'
2025-10-03 16:42:26,831 - database - ERROR - Error loading bills: 'bill_id'
2025-10-03 16:42:26,844 - database - ERROR - Error loading bills: 'bill_id'
2025-10-03 16:42:26,845 - database - ERROR - Error loading bills: 'bill_id'
2025-10-03 16:42:26,846 - database - ERROR - Error loading bills: 'bill_id'
2025-10-03 16:42:26,846 - database - ERROR - Error loading bills: 'bill_id'
2025-10-03 16:42:26,847 - database - ERROR - Error loading bills: 'bill_id'
2025-10-03 16:42:26,847 - database - ERROR - Error loading bills: 'bill_id'
2025-10-03 16:42:26,848 - database - ERROR - Error loading bills: 'bill_id'
2025-10-03 16:42:27,037 - dashboard - ERROR - Error updating inventory chart: 'list' object has no attribute 'values'
2025-10-03 16:42:27,038 - database - ERROR - Error loading bills: 'bill_id'
2025-10-03 16:42:27,038 - dashboard - ERROR - Error updating customer analytics: division by zero
2025-10-03 16:42:27,038 - database - ERROR - Error loading bills: 'bill_id'
2025-10-03 16:42:27,040 - database - ERROR - Error loading bills: 'bill_id'
2025-10-03 16:42:27,040 - dashboard - ERROR - Error updating predictive analytics: 'list' object has no attribute 'values'
2025-10-03 16:42:32,041 - database - ERROR - Error loading bills: 'bill_id'
2025-10-03 16:42:32,042 - database - ERROR - Error loading bills: 'bill_id'
2025-10-03 16:42:32,052 - database - ERROR - Error loading bills: 'bill_id'
2025-10-03 16:42:32,052 - database - ERROR - Error loading bills: 'bill_id'
2025-10-03 16:42:32,052 - database - ERROR - Error loading bills: 'bill_id'
2025-10-03 16:42:32,053 - database - ERROR - Error loading bills: 'bill_id'
2025-10-03 16:42:32,053 - database - ERROR - Error loading bills: 'bill_id'
2025-10-03 16:42:32,053 - database - ERROR - Error loading bills: 'bill_id'
2025-10-03 16:42:32,053 - database - ERROR - Error loading bills: 'bill_id'
2025-10-03 16:42:32,253 - dashboard - ERROR - Error updating inventory chart: 'list' object has no attribute 'values'
2025-10-03 16:42:32,253 - database - ERROR - Error loading bills: 'bill_id'
2025-10-03 16:42:32,253 - dashboard - ERROR - Error updating customer analytics: division by zero
2025-10-03 16:42:32,254 - database - ERROR - Error loading bills: 'bill_id'
2025-10-03 16:42:32,255 - database - ERROR - Error loading bills: 'bill_id'
2025-10-03 16:42:32,255 - dashboard - ERROR - Error updating predictive analytics: 'list' object has no attribute 'values'
2025-10-03 16:42:37,256 - database - ERROR - Error loading bills: 'bill_id'
2025-10-03 16:42:37,257 - database - ERROR - Error loading bills: 'bill_id'
2025-10-03 16:42:37,266 - database - ERROR - Error loading bills: 'bill_id'
2025-10-03 16:42:37,267 - database - ERROR - Error loading bills: 'bill_id'
2025-10-03 16:42:37,267 - database - ERROR - Error loading bills: 'bill_id'
2025-10-03 16:42:37,267 - database - ERROR - Error loading bills: 'bill_id'
2025-10-03 16:42:37,267 - database - ERROR - Error loading bills: 'bill_id'
2025-10-03 16:42:37,267 - database - ERROR - Error loading bills: 'bill_id'
2025-10-03 16:42:37,268 - database - ERROR - Error loading bills: 'bill_id'
2025-10-03 16:42:37,414 - dashboard - ERROR - Error updating inventory chart: 'list' object has no attribute 'values'
2025-10-03 16:42:37,415 - database - ERROR - Error loading bills: 'bill_id'
2025-10-03 16:42:37,415 - dashboard - ERROR - Error updating customer analytics: division by zero
2025-10-03 16:42:37,416 - database - ERROR - Error loading bills: 'bill_id'
2025-10-03 16:42:37,417 - database - ERROR - Error loading bills: 'bill_id'
2025-10-03 16:42:37,417 - dashboard - ERROR - Error updating predictive analytics: 'list' object has no attribute 'values'
2025-10-03 16:42:42,419 - database - ERROR - Error loading bills: 'bill_id'
2025-10-03 16:42:42,420 - database - ERROR - Error loading bills: 'bill_id'
2025-10-03 16:42:42,429 - database - ERROR - Error loading bills: 'bill_id'
2025-10-03 16:42:42,430 - database - ERROR - Error loading bills: 'bill_id'
2025-10-03 16:42:42,430 - database - ERROR - Error loading bills: 'bill_id'
2025-10-03 16:42:42,430 - database - ERROR - Error loading bills: 'bill_id'
2025-10-03 16:42:42,431 - database - ERROR - Error loading bills: 'bill_id'
2025-10-03 16:42:42,431 - database - ERROR - Error loading bills: 'bill_id'
2025-10-03 16:42:42,431 - database - ERROR - Error loading bills: 'bill_id'
2025-10-03 16:42:42,590 - dashboard - ERROR - Error updating inventory chart: 'list' object has no attribute 'values'
2025-10-03 16:42:42,597 - database - ERROR - Error loading bills: 'bill_id'
2025-10-03 16:42:42,598 - dashboard - ERROR - Error updating customer analytics: division by zero
2025-10-03 16:42:42,598 - database - ERROR - Error loading bills: 'bill_id'
2025-10-03 16:42:42,599 - database - ERROR - Error loading bills: 'bill_id'
2025-10-03 16:42:42,600 - dashboard - ERROR - Error updating predictive analytics: 'list' object has no attribute 'values'
2025-10-03 16:42:47,601 - database - ERROR - Error loading bills: 'bill_id'
2025-10-03 16:42:47,602 - database - ERROR - Error loading bills: 'bill_id'
2025-10-03 16:42:47,612 - database - ERROR - Error loading bills: 'bill_id'
2025-10-03 16:42:47,613 - database - ERROR - Error loading bills: 'bill_id'
2025-10-03 16:42:47,613 - database - ERROR - Error loading bills: 'bill_id'
2025-10-03 16:42:47,613 - database - ERROR - Error loading bills: 'bill_id'
2025-10-03 16:42:47,613 - database - ERROR - Error loading bills: 'bill_id'
2025-10-03 16:42:47,614 - database - ERROR - Error loading bills: 'bill_id'
2025-10-03 16:42:47,614 - database - ERROR - Error loading bills: 'bill_id'
2025-10-03 16:42:47,747 - dashboard - ERROR - Error updating inventory chart: 'list' object has no attribute 'values'
2025-10-03 16:42:47,747 - database - ERROR - Error loading bills: 'bill_id'
2025-10-03 16:42:47,747 - dashboard - ERROR - Error updating customer analytics: division by zero
2025-10-03 16:42:47,748 - database - ERROR - Error loading bills: 'bill_id'
2025-10-03 16:42:47,748 - database - ERROR - Error loading bills: 'bill_id'
2025-10-03 16:42:47,749 - dashboard - ERROR - Error updating predictive analytics: 'list' object has no attribute 'values'
2025-10-03 16:42:52,750 - database - ERROR - Error loading bills: 'bill_id'
2025-10-03 16:42:52,763 - database - ERROR - Error loading bills: 'bill_id'
2025-10-03 16:42:52,773 - database - ERROR - Error loading bills: 'bill_id'
2025-10-03 16:42:52,773 - database - ERROR - Error loading bills: 'bill_id'
2025-10-03 16:42:52,773 - database - ERROR - Error loading bills: 'bill_id'
2025-10-03 16:42:52,773 - database - ERROR - Error loading bills: 'bill_id'
2025-10-03 16:42:52,774 - database - ERROR - Error loading bills: 'bill_id'
2025-10-03 16:42:52,774 - database - ERROR - Error loading bills: 'bill_id'
2025-10-03 16:42:52,774 - database - ERROR - Error loading bills: 'bill_id'
2025-10-03 16:42:52,893 - dashboard - ERROR - Error updating inventory chart: 'list' object has no attribute 'values'
2025-10-03 16:42:52,893 - database - ERROR - Error loading bills: 'bill_id'
2025-10-03 16:42:52,893 - dashboard - ERROR - Error updating customer analytics: division by zero
2025-10-03 16:42:52,893 - database - ERROR - Error loading bills: 'bill_id'
2025-10-03 16:42:52,894 - database - ERROR - Error loading bills: 'bill_id'
2025-10-03 16:42:52,894 - dashboard - ERROR - Error updating predictive analytics: 'list' object has no attribute 'values'
2025-10-03 16:42:57,895 - database - ERROR - Error loading bills: 'bill_id'
2025-10-03 16:42:57,896 - database - ERROR - Error loading bills: 'bill_id'
2025-10-03 16:42:57,905 - database - ERROR - Error loading bills: 'bill_id'
2025-10-03 16:42:57,905 - database - ERROR - Error loading bills: 'bill_id'
2025-10-03 16:42:57,905 - database - ERROR - Error loading bills: 'bill_id'
2025-10-03 16:42:57,906 - database - ERROR - Error loading bills: 'bill_id'
2025-10-03 16:42:57,906 - database - ERROR - Error loading bills: 'bill_id'
2025-10-03 16:42:57,906 - database - ERROR - Error loading bills: 'bill_id'
2025-10-03 16:42:57,906 - database - ERROR - Error loading bills: 'bill_id'
2025-10-03 16:42:58,023 - dashboard - ERROR - Error updating inventory chart: 'list' object has no attribute 'values'
2025-10-03 16:42:58,023 - database - ERROR - Error loading bills: 'bill_id'
2025-10-03 16:42:58,023 - dashboard - ERROR - Error updating customer analytics: division by zero
2025-10-03 16:42:58,023 - database - ERROR - Error loading bills: 'bill_id'
2025-10-03 16:42:58,024 - database - ERROR - Error loading bills: 'bill_id'
2025-10-03 16:42:58,024 - dashboard - ERROR - Error updating predictive analytics: 'list' object has no attribute 'values'
2025-10-03 16:43:03,026 - database - ERROR - Error loading bills: 'bill_id'
2025-10-03 16:43:03,027 - database - ERROR - Error loading bills: 'bill_id'
2025-10-03 16:43:03,037 - database - ERROR - Error loading bills: 'bill_id'
2025-10-03 16:43:03,037 - database - ERROR - Error loading bills: 'bill_id'
2025-10-03 16:43:03,037 - database - ERROR - Error loading bills: 'bill_id'
2025-10-03 16:43:03,038 - database - ERROR - Error loading bills: 'bill_id'
2025-10-03 16:43:03,038 - database - ERROR - Error loading bills: 'bill_id'
2025-10-03 16:43:03,038 - database - ERROR - Error loading bills: 'bill_id'
2025-10-03 16:43:03,038 - database - ERROR - Error loading bills: 'bill_id'
2025-10-03 16:43:03,152 - dashboard - ERROR - Error updating inventory chart: 'list' object has no attribute 'values'
2025-10-03 16:43:03,153 - database - ERROR - Error loading bills: 'bill_id'
2025-10-03 16:43:03,153 - dashboard - ERROR - Error updating customer analytics: division by zero
2025-10-03 16:43:03,153 - database - ERROR - Error loading bills: 'bill_id'
2025-10-03 16:43:03,154 - database - ERROR - Error loading bills: 'bill_id'
2025-10-03 16:43:03,154 - dashboard - ERROR - Error updating predictive analytics: 'list' object has no attribute 'values'
2025-10-03 16:43:08,155 - database - ERROR - Error loading bills: 'bill_id'
2025-10-03 16:43:08,156 - database - ERROR - Error loading bills: 'bill_id'
2025-10-03 16:43:08,164 - database - ERROR - Error loading bills: 'bill_id'
2025-10-03 16:43:08,164 - database - ERROR - Error loading bills: 'bill_id'
2025-10-03 16:43:08,165 - database - ERROR - Error loading bills: 'bill_id'
2025-10-03 16:43:08,165 - database - ERROR - Error loading bills: 'bill_id'
2025-10-03 16:43:08,165 - database - ERROR - Error loading bills: 'bill_id'
2025-10-03 16:43:08,165 - database - ERROR - Error loading bills: 'bill_id'
2025-10-03 16:43:08,165 - database - ERROR - Error loading bills: 'bill_id'
2025-10-03 16:43:08,278 - dashboard - ERROR - Error updating inventory chart: 'list' object has no attribute 'values'
2025-10-03 16:43:08,278 - database - ERROR - Error loading bills: 'bill_id'
2025-10-03 16:43:08,278 - dashboard - ERROR - Error updating customer analytics: division by zero
2025-10-03 16:43:08,279 - database - ERROR - Error loading bills: 'bill_id'
2025-10-03 16:43:08,279 - database - ERROR - Error loading bills: 'bill_id'
2025-10-03 16:43:08,280 - dashboard - ERROR - Error updating predictive analytics: 'list' object has no attribute 'values'
2025-10-03 16:43:13,281 - database - ERROR - Error loading bills: 'bill_id'
2025-10-03 16:43:13,283 - database - ERROR - Error loading bills: 'bill_id'
2025-10-03 16:43:13,292 - database - ERROR - Error loading bills: 'bill_id'
2025-10-03 16:43:13,292 - database - ERROR - Error loading bills: 'bill_id'
2025-10-03 16:43:13,293 - database - ERROR - Error loading bills: 'bill_id'
2025-10-03 16:43:13,293 - database - ERROR - Error loading bills: 'bill_id'
2025-10-03 16:43:13,293 - database - ERROR - Error loading bills: 'bill_id'
2025-10-03 16:43:13,294 - database - ERROR - Error loading bills: 'bill_id'
2025-10-03 16:43:13,294 - database - ERROR - Error loading bills: 'bill_id'
2025-10-03 16:43:13,425 - dashboard - ERROR - Error updating inventory chart: 'list' object has no attribute 'values'
2025-10-03 16:43:13,425 - database - ERROR - Error loading bills: 'bill_id'
2025-10-03 16:43:13,425 - dashboard - ERROR - Error updating customer analytics: division by zero
2025-10-03 16:43:13,426 - database - ERROR - Error loading bills: 'bill_id'
2025-10-03 16:43:13,427 - database - ERROR - Error loading bills: 'bill_id'
2025-10-03 16:43:13,427 - dashboard - ERROR - Error updating predictive analytics: 'list' object has no attribute 'values'
2025-10-03 16:43:18,428 - database - ERROR - Error loading bills: 'bill_id'
2025-10-03 16:43:18,429 - database - ERROR - Error loading bills: 'bill_id'
2025-10-03 16:43:18,438 - database - ERROR - Error loading bills: 'bill_id'
2025-10-03 16:43:18,438 - database - ERROR - Error loading bills: 'bill_id'
2025-10-03 16:43:18,438 - database - ERROR - Error loading bills: 'bill_id'
2025-10-03 16:43:18,439 - database - ERROR - Error loading bills: 'bill_id'
2025-10-03 16:43:18,439 - database - ERROR - Error loading bills: 'bill_id'
2025-10-03 16:43:18,439 - database - ERROR - Error loading bills: 'bill_id'
2025-10-03 16:43:18,439 - database - ERROR - Error loading bills: 'bill_id'
2025-10-03 16:43:18,552 - dashboard - ERROR - Error updating inventory chart: 'list' object has no attribute 'values'
2025-10-03 16:43:18,552 - database - ERROR - Error loading bills: 'bill_id'
2025-10-03 16:43:18,552 - dashboard - ERROR - Error updating customer analytics: division by zero
2025-10-03 16:43:18,552 - database - ERROR - Error loading bills: 'bill_id'
2025-10-03 16:43:18,553 - database - ERROR - Error loading bills: 'bill_id'
2025-10-03 16:43:18,553 - dashboard - ERROR - Error updating predictive analytics: 'list' object has no attribute 'values'
2025-10-03 16:43:23,554 - database - ERROR - Error loading bills: 'bill_id'
2025-10-03 16:43:23,555 - database - ERROR - Error loading bills: 'bill_id'
2025-10-03 16:43:23,565 - database - ERROR - Error loading bills: 'bill_id'
2025-10-03 16:43:23,565 - database - ERROR - Error loading bills: 'bill_id'
2025-10-03 16:43:23,565 - database - ERROR - Error loading bills: 'bill_id'
2025-10-03 16:43:23,565 - database - ERROR - Error loading bills: 'bill_id'
2025-10-03 16:43:23,566 - database - ERROR - Error loading bills: 'bill_id'
2025-10-03 16:43:23,566 - database - ERROR - Error loading bills: 'bill_id'
2025-10-03 16:43:23,566 - database - ERROR - Error loading bills: 'bill_id'
2025-10-03 16:43:23,685 - dashboard - ERROR - Error updating inventory chart: 'list' object has no attribute 'values'
2025-10-03 16:43:23,686 - database - ERROR - Error loading bills: 'bill_id'
2025-10-03 16:43:23,686 - dashboard - ERROR - Error updating customer analytics: division by zero
2025-10-03 16:43:23,686 - database - ERROR - Error loading bills: 'bill_id'
2025-10-03 16:43:23,687 - database - ERROR - Error loading bills: 'bill_id'
2025-10-03 16:43:23,687 - dashboard - ERROR - Error updating predictive analytics: 'list' object has no attribute 'values'
2025-10-03 16:43:28,688 - database - ERROR - Error loading bills: 'bill_id'
2025-10-03 16:43:28,689 - database - ERROR - Error loading bills: 'bill_id'
2025-10-03 16:43:28,702 - database - ERROR - Error loading bills: 'bill_id'
2025-10-03 16:43:28,703 - database - ERROR - Error loading bills: 'bill_id'
2025-10-03 16:43:28,703 - database - ERROR - Error loading bills: 'bill_id'
2025-10-03 16:43:28,703 - database - ERROR - Error loading bills: 'bill_id'
2025-10-03 16:43:28,704 - database - ERROR - Error loading bills: 'bill_id'
2025-10-03 16:43:28,704 - database - ERROR - Error loading bills: 'bill_id'
2025-10-03 16:43:28,704 - database - ERROR - Error loading bills: 'bill_id'
2025-10-03 16:43:28,876 - dashboard - ERROR - Error updating inventory chart: 'list' object has no attribute 'values'
2025-10-03 16:43:28,876 - database - ERROR - Error loading bills: 'bill_id'
2025-10-03 16:43:28,876 - dashboard - ERROR - Error updating customer analytics: division by zero
2025-10-03 16:43:28,877 - database - ERROR - Error loading bills: 'bill_id'
2025-10-03 16:43:28,878 - database - ERROR - Error loading bills: 'bill_id'
2025-10-03 16:43:28,879 - dashboard - ERROR - Error updating predictive analytics: 'list' object has no attribute 'values'
2025-10-03 16:43:33,880 - database - ERROR - Error loading bills: 'bill_id'
2025-10-03 16:43:33,881 - database - ERROR - Error loading bills: 'bill_id'
2025-10-03 16:43:33,892 - database - ERROR - Error loading bills: 'bill_id'
2025-10-03 16:43:33,892 - database - ERROR - Error loading bills: 'bill_id'
2025-10-03 16:43:33,893 - database - ERROR - Error loading bills: 'bill_id'
2025-10-03 16:43:33,893 - database - ERROR - Error loading bills: 'bill_id'
2025-10-03 16:43:33,893 - database - ERROR - Error loading bills: 'bill_id'
2025-10-03 16:43:33,894 - database - ERROR - Error loading bills: 'bill_id'
2025-10-03 16:43:33,894 - database - ERROR - Error loading bills: 'bill_id'
2025-10-03 16:43:34,023 - dashboard - ERROR - Error updating inventory chart: 'list' object has no attribute 'values'
2025-10-03 16:43:34,023 - database - ERROR - Error loading bills: 'bill_id'
2025-10-03 16:43:34,023 - dashboard - ERROR - Error updating customer analytics: division by zero
2025-10-03 16:43:34,024 - database - ERROR - Error loading bills: 'bill_id'
2025-10-03 16:43:34,024 - database - ERROR - Error loading bills: 'bill_id'
2025-10-03 16:43:34,025 - dashboard - ERROR - Error updating predictive analytics: 'list' object has no attribute 'values'
2025-10-03 16:43:39,026 - database - ERROR - Error loading bills: 'bill_id'
2025-10-03 16:43:39,028 - database - ERROR - Error loading bills: 'bill_id'
2025-10-03 16:43:39,037 - database - ERROR - Error loading bills: 'bill_id'
2025-10-03 16:43:39,037 - database - ERROR - Error loading bills: 'bill_id'
2025-10-03 16:43:39,037 - database - ERROR - Error loading bills: 'bill_id'
2025-10-03 16:43:39,038 - database - ERROR - Error loading bills: 'bill_id'
2025-10-03 16:43:39,038 - database - ERROR - Error loading bills: 'bill_id'
2025-10-03 16:43:39,038 - database - ERROR - Error loading bills: 'bill_id'
2025-10-03 16:43:39,038 - database - ERROR - Error loading bills: 'bill_id'
2025-10-03 16:43:39,156 - dashboard - ERROR - Error updating inventory chart: 'list' object has no attribute 'values'
2025-10-03 16:43:39,157 - database - ERROR - Error loading bills: 'bill_id'
2025-10-03 16:43:39,157 - dashboard - ERROR - Error updating customer analytics: division by zero
2025-10-03 16:43:39,157 - database - ERROR - Error loading bills: 'bill_id'
2025-10-03 16:43:39,158 - database - ERROR - Error loading bills: 'bill_id'
2025-10-03 16:43:39,158 - dashboard - ERROR - Error updating predictive analytics: 'list' object has no attribute 'values'
2025-10-03 16:43:44,159 - database - ERROR - Error loading bills: 'bill_id'
2025-10-03 16:43:44,160 - database - ERROR - Error loading bills: 'bill_id'
2025-10-03 16:43:44,169 - database - ERROR - Error loading bills: 'bill_id'
2025-10-03 16:43:44,169 - database - ERROR - Error loading bills: 'bill_id'
2025-10-03 16:43:44,169 - database - ERROR - Error loading bills: 'bill_id'
2025-10-03 16:43:44,170 - database - ERROR - Error loading bills: 'bill_id'
2025-10-03 16:43:44,170 - database - ERROR - Error loading bills: 'bill_id'
2025-10-03 16:43:44,170 - database - ERROR - Error loading bills: 'bill_id'
2025-10-03 16:43:44,170 - database - ERROR - Error loading bills: 'bill_id'
2025-10-03 16:43:44,283 - dashboard - ERROR - Error updating inventory chart: 'list' object has no attribute 'values'
2025-10-03 16:43:44,283 - database - ERROR - Error loading bills: 'bill_id'
2025-10-03 16:43:44,283 - dashboard - ERROR - Error updating customer analytics: division by zero
2025-10-03 16:43:44,284 - database - ERROR - Error loading bills: 'bill_id'
2025-10-03 16:43:44,284 - database - ERROR - Error loading bills: 'bill_id'
2025-10-03 16:43:44,285 - dashboard - ERROR - Error updating predictive analytics: 'list' object has no attribute 'values'
2025-10-03 16:43:49,285 - database - ERROR - Error loading bills: 'bill_id'
2025-10-03 16:43:49,287 - database - ERROR - Error loading bills: 'bill_id'
2025-10-03 16:43:49,296 - database - ERROR - Error loading bills: 'bill_id'
2025-10-03 16:43:49,296 - database - ERROR - Error loading bills: 'bill_id'
2025-10-03 16:43:49,297 - database - ERROR - Error loading bills: 'bill_id'
2025-10-03 16:43:49,297 - database - ERROR - Error loading bills: 'bill_id'
2025-10-03 16:43:49,297 - database - ERROR - Error loading bills: 'bill_id'
2025-10-03 16:43:49,297 - database - ERROR - Error loading bills: 'bill_id'
2025-10-03 16:43:49,298 - database - ERROR - Error loading bills: 'bill_id'
2025-10-03 16:43:49,415 - dashboard - ERROR - Error updating inventory chart: 'list' object has no attribute 'values'
2025-10-03 16:43:49,415 - database - ERROR - Error loading bills: 'bill_id'
2025-10-03 16:43:49,415 - dashboard - ERROR - Error updating customer analytics: division by zero
2025-10-03 16:43:49,415 - database - ERROR - Error loading bills: 'bill_id'
2025-10-03 16:43:49,416 - database - ERROR - Error loading bills: 'bill_id'
2025-10-03 16:43:49,417 - dashboard - ERROR - Error updating predictive analytics: 'list' object has no attribute 'values'
2025-10-03 16:43:54,418 - database - ERROR - Error loading bills: 'bill_id'
2025-10-03 16:43:54,420 - database - ERROR - Error loading bills: 'bill_id'
2025-10-03 16:43:54,429 - database - ERROR - Error loading bills: 'bill_id'
2025-10-03 16:43:54,429 - database - ERROR - Error loading bills: 'bill_id'
2025-10-03 16:43:54,429 - database - ERROR - Error loading bills: 'bill_id'
2025-10-03 16:43:54,429 - database - ERROR - Error loading bills: 'bill_id'
2025-10-03 16:43:54,430 - database - ERROR - Error loading bills: 'bill_id'
2025-10-03 16:43:54,430 - database - ERROR - Error loading bills: 'bill_id'
2025-10-03 16:43:54,430 - database - ERROR - Error loading bills: 'bill_id'
2025-10-03 16:43:54,546 - dashboard - ERROR - Error updating inventory chart: 'list' object has no attribute 'values'
2025-10-03 16:43:54,546 - database - ERROR - Error loading bills: 'bill_id'
2025-10-03 16:43:54,546 - dashboard - ERROR - Error updating customer analytics: division by zero
2025-10-03 16:43:54,547 - database - ERROR - Error loading bills: 'bill_id'
2025-10-03 16:43:54,547 - database - ERROR - Error loading bills: 'bill_id'
2025-10-03 16:43:54,548 - dashboard - ERROR - Error updating predictive analytics: 'list' object has no attribute 'values'
2025-10-03 16:43:59,549 - database - ERROR - Error loading bills: 'bill_id'
2025-10-03 16:43:59,552 - database - ERROR - Error loading bills: 'bill_id'
2025-10-03 16:43:59,560 - database - ERROR - Error loading bills: 'bill_id'
2025-10-03 16:43:59,561 - database - ERROR - Error loading bills: 'bill_id'
2025-10-03 16:43:59,561 - database - ERROR - Error loading bills: 'bill_id'
2025-10-03 16:43:59,561 - database - ERROR - Error loading bills: 'bill_id'
2025-10-03 16:43:59,561 - database - ERROR - Error loading bills: 'bill_id'
2025-10-03 16:43:59,562 - database - ERROR - Error loading bills: 'bill_id'
2025-10-03 16:43:59,562 - database - ERROR - Error loading bills: 'bill_id'
2025-10-03 16:43:59,673 - dashboard - ERROR - Error updating inventory chart: 'list' object has no attribute 'values'
2025-10-03 16:43:59,674 - database - ERROR - Error loading bills: 'bill_id'
2025-10-03 16:43:59,674 - dashboard - ERROR - Error updating customer analytics: division by zero
2025-10-03 16:43:59,674 - database - ERROR - Error loading bills: 'bill_id'
2025-10-03 16:43:59,675 - database - ERROR - Error loading bills: 'bill_id'
2025-10-03 16:43:59,675 - dashboard - ERROR - Error updating predictive analytics: 'list' object has no attribute 'values'
2025-10-03 16:44:04,676 - database - ERROR - Error loading bills: 'bill_id'
2025-10-03 16:44:04,677 - database - ERROR - Error loading bills: 'bill_id'
2025-10-03 16:44:04,686 - database - ERROR - Error loading bills: 'bill_id'
2025-10-03 16:44:04,687 - database - ERROR - Error loading bills: 'bill_id'
2025-10-03 16:44:04,687 - database - ERROR - Error loading bills: 'bill_id'
2025-10-03 16:44:04,687 - database - ERROR - Error loading bills: 'bill_id'
2025-10-03 16:44:04,687 - database - ERROR - Error loading bills: 'bill_id'
2025-10-03 16:44:04,687 - database - ERROR - Error loading bills: 'bill_id'
2025-10-03 16:44:04,688 - database - ERROR - Error loading bills: 'bill_id'
2025-10-03 16:44:04,812 - dashboard - ERROR - Error updating inventory chart: 'list' object has no attribute 'values'
2025-10-03 16:44:04,812 - database - ERROR - Error loading bills: 'bill_id'
2025-10-03 16:44:04,812 - dashboard - ERROR - Error updating customer analytics: division by zero
2025-10-03 16:44:04,813 - database - ERROR - Error loading bills: 'bill_id'
2025-10-03 16:44:04,813 - database - ERROR - Error loading bills: 'bill_id'
2025-10-03 16:44:04,814 - dashboard - ERROR - Error updating predictive analytics: 'list' object has no attribute 'values'
2025-10-03 16:44:09,816 - database - ERROR - Error loading bills: 'bill_id'
2025-10-03 16:44:09,817 - database - ERROR - Error loading bills: 'bill_id'
2025-10-03 16:44:09,826 - database - ERROR - Error loading bills: 'bill_id'
2025-10-03 16:44:09,826 - database - ERROR - Error loading bills: 'bill_id'
2025-10-03 16:44:09,826 - database - ERROR - Error loading bills: 'bill_id'
2025-10-03 16:44:09,827 - database - ERROR - Error loading bills: 'bill_id'
2025-10-03 16:44:09,827 - database - ERROR - Error loading bills: 'bill_id'
2025-10-03 16:44:09,827 - database - ERROR - Error loading bills: 'bill_id'
2025-10-03 16:44:09,827 - database - ERROR - Error loading bills: 'bill_id'
2025-10-03 16:44:09,941 - dashboard - ERROR - Error updating inventory chart: 'list' object has no attribute 'values'
2025-10-03 16:44:09,941 - database - ERROR - Error loading bills: 'bill_id'
2025-10-03 16:44:09,941 - dashboard - ERROR - Error updating customer analytics: division by zero
2025-10-03 16:44:09,942 - database - ERROR - Error loading bills: 'bill_id'
2025-10-03 16:44:09,942 - database - ERROR - Error loading bills: 'bill_id'
2025-10-03 16:44:09,943 - dashboard - ERROR - Error updating predictive analytics: 'list' object has no attribute 'values'
2025-10-03 16:44:14,944 - database - ERROR - Error loading bills: 'bill_id'
2025-10-03 16:44:14,945 - database - ERROR - Error loading bills: 'bill_id'
2025-10-03 16:44:14,954 - database - ERROR - Error loading bills: 'bill_id'
2025-10-03 16:44:14,954 - database - ERROR - Error loading bills: 'bill_id'
2025-10-03 16:44:14,954 - database - ERROR - Error loading bills: 'bill_id'
2025-10-03 16:44:14,954 - database - ERROR - Error loading bills: 'bill_id'
2025-10-03 16:44:14,955 - database - ERROR - Error loading bills: 'bill_id'
2025-10-03 16:44:14,955 - database - ERROR - Error loading bills: 'bill_id'
2025-10-03 16:44:14,955 - database - ERROR - Error loading bills: 'bill_id'
2025-10-03 16:44:15,079 - dashboard - ERROR - Error updating inventory chart: 'list' object has no attribute 'values'
2025-10-03 16:44:15,080 - database - ERROR - Error loading bills: 'bill_id'
2025-10-03 16:44:15,080 - dashboard - ERROR - Error updating customer analytics: division by zero
2025-10-03 16:44:15,080 - database - ERROR - Error loading bills: 'bill_id'
2025-10-03 16:44:15,081 - database - ERROR - Error loading bills: 'bill_id'
2025-10-03 16:44:15,081 - dashboard - ERROR - Error updating predictive analytics: 'list' object has no attribute 'values'
2025-10-03 16:44:20,082 - database - ERROR - Error loading bills: 'bill_id'
2025-10-03 16:44:20,084 - database - ERROR - Error loading bills: 'bill_id'
2025-10-03 16:44:20,093 - database - ERROR - Error loading bills: 'bill_id'
2025-10-03 16:44:20,093 - database - ERROR - Error loading bills: 'bill_id'
2025-10-03 16:44:20,094 - database - ERROR - Error loading bills: 'bill_id'
2025-10-03 16:44:20,094 - database - ERROR - Error loading bills: 'bill_id'
2025-10-03 16:44:20,094 - database - ERROR - Error loading bills: 'bill_id'
2025-10-03 16:44:20,094 - database - ERROR - Error loading bills: 'bill_id'
2025-10-03 16:44:20,094 - database - ERROR - Error loading bills: 'bill_id'
2025-10-03 16:44:20,215 - dashboard - ERROR - Error updating inventory chart: 'list' object has no attribute 'values'
2025-10-03 16:44:20,215 - database - ERROR - Error loading bills: 'bill_id'
2025-10-03 16:44:20,215 - dashboard - ERROR - Error updating customer analytics: division by zero
2025-10-03 16:44:20,216 - database - ERROR - Error loading bills: 'bill_id'
2025-10-03 16:44:20,217 - database - ERROR - Error loading bills: 'bill_id'
2025-10-03 16:44:20,217 - dashboard - ERROR - Error updating predictive analytics: 'list' object has no attribute 'values'
2025-10-03 16:44:25,218 - database - ERROR - Error loading bills: 'bill_id'
2025-10-03 16:44:25,219 - database - ERROR - Error loading bills: 'bill_id'
2025-10-03 16:44:25,228 - database - ERROR - Error loading bills: 'bill_id'
2025-10-03 16:44:25,228 - database - ERROR - Error loading bills: 'bill_id'
2025-10-03 16:44:25,229 - database - ERROR - Error loading bills: 'bill_id'
2025-10-03 16:44:25,229 - database - ERROR - Error loading bills: 'bill_id'
2025-10-03 16:44:25,229 - database - ERROR - Error loading bills: 'bill_id'
2025-10-03 16:44:25,229 - database - ERROR - Error loading bills: 'bill_id'
2025-10-03 16:44:25,229 - database - ERROR - Error loading bills: 'bill_id'
2025-10-03 16:44:25,348 - dashboard - ERROR - Error updating inventory chart: 'list' object has no attribute 'values'
2025-10-03 16:44:25,348 - database - ERROR - Error loading bills: 'bill_id'
2025-10-03 16:44:25,348 - dashboard - ERROR - Error updating customer analytics: division by zero
2025-10-03 16:44:25,349 - database - ERROR - Error loading bills: 'bill_id'
2025-10-03 16:44:25,349 - database - ERROR - Error loading bills: 'bill_id'
2025-10-03 16:44:25,350 - dashboard - ERROR - Error updating predictive analytics: 'list' object has no attribute 'values'
2025-10-03 16:44:30,351 - database - ERROR - Error loading bills: 'bill_id'
2025-10-03 16:44:30,352 - database - ERROR - Error loading bills: 'bill_id'
2025-10-03 16:44:30,361 - database - ERROR - Error loading bills: 'bill_id'
2025-10-03 16:44:30,361 - database - ERROR - Error loading bills: 'bill_id'
2025-10-03 16:44:30,361 - database - ERROR - Error loading bills: 'bill_id'
2025-10-03 16:44:30,361 - database - ERROR - Error loading bills: 'bill_id'
2025-10-03 16:44:30,362 - database - ERROR - Error loading bills: 'bill_id'
2025-10-03 16:44:30,362 - database - ERROR - Error loading bills: 'bill_id'
2025-10-03 16:44:30,362 - database - ERROR - Error loading bills: 'bill_id'
2025-10-03 16:44:30,477 - dashboard - ERROR - Error updating inventory chart: 'list' object has no attribute 'values'
2025-10-03 16:44:30,478 - database - ERROR - Error loading bills: 'bill_id'
2025-10-03 16:44:30,478 - dashboard - ERROR - Error updating customer analytics: division by zero
2025-10-03 16:44:30,478 - database - ERROR - Error loading bills: 'bill_id'
2025-10-03 16:44:30,479 - database - ERROR - Error loading bills: 'bill_id'
2025-10-03 16:44:30,479 - dashboard - ERROR - Error updating predictive analytics: 'list' object has no attribute 'values'
2025-10-03 16:44:35,481 - database - ERROR - Error loading bills: 'bill_id'
2025-10-03 16:44:35,482 - database - ERROR - Error loading bills: 'bill_id'
2025-10-03 16:44:35,498 - database - ERROR - Error loading bills: 'bill_id'
2025-10-03 16:44:35,499 - database - ERROR - Error loading bills: 'bill_id'
2025-10-03 16:44:35,499 - database - ERROR - Error loading bills: 'bill_id'
2025-10-03 16:44:35,499 - database - ERROR - Error loading bills: 'bill_id'
2025-10-03 16:44:35,500 - database - ERROR - Error loading bills: 'bill_id'
2025-10-03 16:44:35,500 - database - ERROR - Error loading bills: 'bill_id'
2025-10-03 16:44:35,500 - database - ERROR - Error loading bills: 'bill_id'
2025-10-03 16:44:35,706 - dashboard - ERROR - Error updating inventory chart: 'list' object has no attribute 'values'
2025-10-03 16:44:35,706 - database - ERROR - Error loading bills: 'bill_id'
2025-10-03 16:44:35,707 - dashboard - ERROR - Error updating customer analytics: division by zero
2025-10-03 16:44:35,707 - database - ERROR - Error loading bills: 'bill_id'
2025-10-03 16:44:35,708 - database - ERROR - Error loading bills: 'bill_id'
2025-10-03 16:44:35,709 - dashboard - ERROR - Error updating predictive analytics: 'list' object has no attribute 'values'
2025-10-03 16:44:40,710 - database - ERROR - Error loading bills: 'bill_id'
2025-10-03 16:44:40,711 - database - ERROR - Error loading bills: 'bill_id'
2025-10-03 16:44:40,720 - database - ERROR - Error loading bills: 'bill_id'
2025-10-03 16:44:40,721 - database - ERROR - Error loading bills: 'bill_id'
2025-10-03 16:44:40,721 - database - ERROR - Error loading bills: 'bill_id'
2025-10-03 16:44:40,721 - database - ERROR - Error loading bills: 'bill_id'
2025-10-03 16:44:40,721 - database - ERROR - Error loading bills: 'bill_id'
2025-10-03 16:44:40,722 - database - ERROR - Error loading bills: 'bill_id'
2025-10-03 16:44:40,722 - database - ERROR - Error loading bills: 'bill_id'
2025-10-03 16:44:40,852 - dashboard - ERROR - Error updating inventory chart: 'list' object has no attribute 'values'
2025-10-03 16:44:40,853 - database - ERROR - Error loading bills: 'bill_id'
2025-10-03 16:44:40,853 - dashboard - ERROR - Error updating customer analytics: division by zero
2025-10-03 16:44:40,853 - database - ERROR - Error loading bills: 'bill_id'
2025-10-03 16:44:40,854 - database - ERROR - Error loading bills: 'bill_id'
2025-10-03 16:44:40,854 - dashboard - ERROR - Error updating predictive analytics: 'list' object has no attribute 'values'
2025-10-03 16:44:45,856 - database - ERROR - Error loading bills: 'bill_id'
2025-10-03 16:44:45,857 - database - ERROR - Error loading bills: 'bill_id'
2025-10-03 16:44:45,866 - database - ERROR - Error loading bills: 'bill_id'
2025-10-03 16:44:45,866 - database - ERROR - Error loading bills: 'bill_id'
2025-10-03 16:44:45,866 - database - ERROR - Error loading bills: 'bill_id'
2025-10-03 16:44:45,866 - database - ERROR - Error loading bills: 'bill_id'
2025-10-03 16:44:45,867 - database - ERROR - Error loading bills: 'bill_id'
2025-10-03 16:44:45,867 - database - ERROR - Error loading bills: 'bill_id'
2025-10-03 16:44:45,867 - database - ERROR - Error loading bills: 'bill_id'
2025-10-03 16:44:45,978 - dashboard - ERROR - Error updating inventory chart: 'list' object has no attribute 'values'
2025-10-03 16:44:45,979 - database - ERROR - Error loading bills: 'bill_id'
2025-10-03 16:44:45,979 - dashboard - ERROR - Error updating customer analytics: division by zero
2025-10-03 16:44:45,979 - database - ERROR - Error loading bills: 'bill_id'
2025-10-03 16:44:45,980 - database - ERROR - Error loading bills: 'bill_id'
2025-10-03 16:44:45,980 - dashboard - ERROR - Error updating predictive analytics: 'list' object has no attribute 'values'
2025-10-03 16:44:50,981 - database - ERROR - Error loading bills: 'bill_id'
2025-10-03 16:44:50,982 - database - ERROR - Error loading bills: 'bill_id'
2025-10-03 16:44:50,992 - database - ERROR - Error loading bills: 'bill_id'
2025-10-03 16:44:50,993 - database - ERROR - Error loading bills: 'bill_id'
2025-10-03 16:44:50,993 - database - ERROR - Error loading bills: 'bill_id'
2025-10-03 16:44:50,994 - database - ERROR - Error loading bills: 'bill_id'
2025-10-03 16:44:50,994 - database - ERROR - Error loading bills: 'bill_id'
2025-10-03 16:44:50,994 - database - ERROR - Error loading bills: 'bill_id'
2025-10-03 16:44:50,994 - database - ERROR - Error loading bills: 'bill_id'
2025-10-03 16:44:51,122 - dashboard - ERROR - Error updating inventory chart: 'list' object has no attribute 'values'
2025-10-03 16:44:51,123 - database - ERROR - Error loading bills: 'bill_id'
2025-10-03 16:44:51,123 - dashboard - ERROR - Error updating customer analytics: division by zero
2025-10-03 16:44:51,123 - database - ERROR - Error loading bills: 'bill_id'
2025-10-03 16:44:51,124 - database - ERROR - Error loading bills: 'bill_id'
2025-10-03 16:44:51,124 - dashboard - ERROR - Error updating predictive analytics: 'list' object has no attribute 'values'
2025-10-03 16:44:56,126 - database - ERROR - Error loading bills: 'bill_id'
2025-10-03 16:44:56,128 - database - ERROR - Error loading bills: 'bill_id'
2025-10-03 16:44:56,138 - database - ERROR - Error loading bills: 'bill_id'
2025-10-03 16:44:56,138 - database - ERROR - Error loading bills: 'bill_id'
2025-10-03 16:44:56,138 - database - ERROR - Error loading bills: 'bill_id'
2025-10-03 16:44:56,138 - database - ERROR - Error loading bills: 'bill_id'
2025-10-03 16:44:56,139 - database - ERROR - Error loading bills: 'bill_id'
2025-10-03 16:44:56,139 - database - ERROR - Error loading bills: 'bill_id'
2025-10-03 16:44:56,139 - database - ERROR - Error loading bills: 'bill_id'
2025-10-03 16:44:56,256 - dashboard - ERROR - Error updating inventory chart: 'list' object has no attribute 'values'
2025-10-03 16:44:56,256 - database - ERROR - Error loading bills: 'bill_id'
2025-10-03 16:44:56,256 - dashboard - ERROR - Error updating customer analytics: division by zero
2025-10-03 16:44:56,257 - database - ERROR - Error loading bills: 'bill_id'
2025-10-03 16:44:56,257 - database - ERROR - Error loading bills: 'bill_id'
2025-10-03 16:44:56,258 - dashboard - ERROR - Error updating predictive analytics: 'list' object has no attribute 'values'
2025-10-03 16:45:01,259 - database - ERROR - Error loading bills: 'bill_id'
2025-10-03 16:45:01,261 - database - ERROR - Error loading bills: 'bill_id'
2025-10-03 16:45:01,269 - database - ERROR - Error loading bills: 'bill_id'
2025-10-03 16:45:01,269 - database - ERROR - Error loading bills: 'bill_id'
2025-10-03 16:45:01,270 - database - ERROR - Error loading bills: 'bill_id'
2025-10-03 16:45:01,270 - database - ERROR - Error loading bills: 'bill_id'
2025-10-03 16:45:01,270 - database - ERROR - Error loading bills: 'bill_id'
2025-10-03 16:45:01,270 - database - ERROR - Error loading bills: 'bill_id'
2025-10-03 16:45:01,271 - database - ERROR - Error loading bills: 'bill_id'
2025-10-03 16:45:01,389 - dashboard - ERROR - Error updating inventory chart: 'list' object has no attribute 'values'
2025-10-03 16:45:01,389 - database - ERROR - Error loading bills: 'bill_id'
2025-10-03 16:45:01,389 - dashboard - ERROR - Error updating customer analytics: division by zero
2025-10-03 16:45:01,389 - database - ERROR - Error loading bills: 'bill_id'
2025-10-03 16:45:01,390 - database - ERROR - Error loading bills: 'bill_id'
2025-10-03 16:45:01,391 - dashboard - ERROR - Error updating predictive analytics: 'list' object has no attribute 'values'
2025-10-03 16:45:06,392 - database - ERROR - Error loading bills: 'bill_id'
2025-10-03 16:45:06,393 - database - ERROR - Error loading bills: 'bill_id'
2025-10-03 16:45:06,402 - database - ERROR - Error loading bills: 'bill_id'
2025-10-03 16:45:06,403 - database - ERROR - Error loading bills: 'bill_id'
2025-10-03 16:45:06,403 - database - ERROR - Error loading bills: 'bill_id'
2025-10-03 16:45:06,403 - database - ERROR - Error loading bills: 'bill_id'
2025-10-03 16:45:06,403 - database - ERROR - Error loading bills: 'bill_id'
2025-10-03 16:45:06,404 - database - ERROR - Error loading bills: 'bill_id'
2025-10-03 16:45:06,404 - database - ERROR - Error loading bills: 'bill_id'
2025-10-03 16:45:06,541 - dashboard - ERROR - Error updating inventory chart: 'list' object has no attribute 'values'
2025-10-03 16:45:06,541 - database - ERROR - Error loading bills: 'bill_id'
2025-10-03 16:45:06,541 - dashboard - ERROR - Error updating customer analytics: division by zero
2025-10-03 16:45:06,542 - database - ERROR - Error loading bills: 'bill_id'
2025-10-03 16:45:06,543 - database - ERROR - Error loading bills: 'bill_id'
2025-10-03 16:45:06,543 - dashboard - ERROR - Error updating predictive analytics: 'list' object has no attribute 'values'
2025-10-03 16:51:31,762 - __main__ - INFO - Starting AI-Powered Supermarket Management System v2.0
2025-10-03 16:51:32,239 - ai_features - INFO - Loaded 1 sales records
2025-10-03 16:51:32,683 - dashboard - ERROR - Error updating predictive analytics: 'list' object has no attribute 'values'
2025-10-03 16:51:39,819 - dashboard - ERROR - Error updating predictive analytics: 'list' object has no attribute 'values'
2025-10-03 16:51:45,007 - dashboard - ERROR - Error updating predictive analytics: 'list' object has no attribute 'values'
2025-10-03 16:51:50,176 - dashboard - ERROR - Error updating predictive analytics: 'list' object has no attribute 'values'
2025-10-03 16:51:55,341 - dashboard - ERROR - Error updating predictive analytics: 'list' object has no attribute 'values'
2025-10-03 16:52:00,507 - dashboard - ERROR - Error updating predictive analytics: 'list' object has no attribute 'values'
2025-10-03 16:52:05,676 - dashboard - ERROR - Error updating predictive analytics: 'list' object has no attribute 'values'
2025-10-03 16:52:10,842 - dashboard - ERROR - Error updating predictive analytics: 'list' object has no attribute 'values'
2025-10-03 16:52:16,007 - dashboard - ERROR - Error updating predictive analytics: 'list' object has no attribute 'values'
2025-10-03 16:52:21,180 - dashboard - ERROR - Error updating predictive analytics: 'list' object has no attribute 'values'
2025-10-03 16:52:26,344 - dashboard - ERROR - Error updating predictive analytics: 'list' object has no attribute 'values'
2025-10-03 16:52:31,527 - dashboard - ERROR - Error updating predictive analytics: 'list' object has no attribute 'values'
2025-10-03 16:52:36,695 - dashboard - ERROR - Error updating predictive analytics: 'list' object has no attribute 'values'
2025-10-03 16:52:41,948 - dashboard - ERROR - Error updating predictive analytics: 'list' object has no attribute 'values'
2025-10-03 16:52:47,113 - dashboard - ERROR - Error updating predictive analytics: 'list' object has no attribute 'values'
2025-10-03 16:52:52,293 - dashboard - ERROR - Error updating predictive analytics: 'list' object has no attribute 'values'
2025-10-03 16:52:57,458 - dashboard - ERROR - Error updating predictive analytics: 'list' object has no attribute 'values'
2025-10-03 16:53:03,237 - dashboard - ERROR - Error updating predictive analytics: 'list' object has no attribute 'values'
2025-10-03 16:53:08,404 - dashboard - ERROR - Error updating predictive analytics: 'list' object has no attribute 'values'
2025-10-03 16:53:13,582 - dashboard - ERROR - Error updating predictive analytics: 'list' object has no attribute 'values'
2025-10-03 16:53:18,785 - dashboard - ERROR - Error updating predictive analytics: 'list' object has no attribute 'values'
2025-10-03 16:53:23,950 - dashboard - ERROR - Error updating predictive analytics: 'list' object has no attribute 'values'
2025-10-03 16:53:29,114 - dashboard - ERROR - Error updating predictive analytics: 'list' object has no attribute 'values'
2025-10-03 16:53:35,830 - dashboard - ERROR - Error updating predictive analytics: 'list' object has no attribute 'values'
2025-10-03 16:53:36,590 - enhanced_gui - ERROR - Error adding product to cart: unknown option "-iid"
2025-10-03 16:53:43,894 - dashboard - ERROR - Error updating predictive analytics: 'list' object has no attribute 'values'
2025-10-03 16:53:45,013 - enhanced_gui - ERROR - Error adding product to cart: unknown option "-iid"
2025-10-03 16:53:50,602 - dashboard - ERROR - Error updating predictive analytics: 'list' object has no attribute 'values'
2025-10-03 16:53:55,766 - dashboard - ERROR - Error updating predictive analytics: 'list' object has no attribute 'values'
2025-10-03 16:54:00,932 - dashboard - ERROR - Error updating predictive analytics: 'list' object has no attribute 'values'
2025-10-03 16:54:06,335 - dashboard - ERROR - Error updating predictive analytics: 'list' object has no attribute 'values'
2025-10-03 16:54:11,501 - dashboard - ERROR - Error updating predictive analytics: 'list' object has no attribute 'values'
2025-10-03 16:54:16,668 - dashboard - ERROR - Error updating predictive analytics: 'list' object has no attribute 'values'
2025-10-03 16:54:21,836 - dashboard - ERROR - Error updating predictive analytics: 'list' object has no attribute 'values'
2025-10-03 16:54:27,000 - dashboard - ERROR - Error updating predictive analytics: 'list' object has no attribute 'values'
2025-10-03 16:54:32,168 - dashboard - ERROR - Error updating predictive analytics: 'list' object has no attribute 'values'
2025-10-03 16:54:37,333 - dashboard - ERROR - Error updating predictive analytics: 'list' object has no attribute 'values'
2025-10-03 16:54:42,506 - dashboard - ERROR - Error updating predictive analytics: 'list' object has no attribute 'values'
2025-10-03 16:54:47,677 - dashboard - ERROR - Error updating predictive analytics: 'list' object has no attribute 'values'
2025-10-03 16:54:52,852 - dashboard - ERROR - Error updating predictive analytics: 'list' object has no attribute 'values'
2025-10-03 16:54:58,018 - dashboard - ERROR - Error updating predictive analytics: 'list' object has no attribute 'values'
2025-10-03 16:55:03,184 - dashboard - ERROR - Error updating predictive analytics: 'list' object has no attribute 'values'
2025-10-03 16:55:08,352 - dashboard - ERROR - Error updating predictive analytics: 'list' object has no attribute 'values'
2025-10-03 16:55:13,518 - dashboard - ERROR - Error updating predictive analytics: 'list' object has no attribute 'values'
2025-10-03 16:55:18,685 - dashboard - ERROR - Error updating predictive analytics: 'list' object has no attribute 'values'
2025-10-03 16:55:23,853 - dashboard - ERROR - Error updating predictive analytics: 'list' object has no attribute 'values'
2025-10-03 16:55:29,021 - dashboard - ERROR - Error updating predictive analytics: 'list' object has no attribute 'values'
2025-10-03 16:58:20,358 - __main__ - INFO - Starting AI-Powered Supermarket Management System v2.0
2025-10-03 16:58:20,821 - ai_features - INFO - Loaded 1 sales records
2025-10-03 16:59:14,027 - billing_service - INFO - Bill EAE8F3F6 created successfully
2025-10-03 18:04:05,987 - __main__ - INFO - Starting AI-Powered Supermarket Management System v2.0
2025-10-03 18:04:06,452 - ai_features - INFO - Loaded 2 sales records
2025-10-03 18:04:33,024 - __main__ - INFO - Starting AI-Powered Supermarket Management System v2.0
2025-10-03 18:04:33,312 - ai_features - INFO - Loaded 2 sales records
2025-10-03 18:29:31,213 - __main__ - INFO - Starting AI-Powered Supermarket Management System v2.0
2025-10-03 18:31:07,418 - billing_service - INFO - Bill E6FDC0E4 created successfully
2025-10-03 18:31:39,795 - billing_service - INFO - Bill 10F4D8EC created successfully
2025-10-03 18:36:00,268 - __main__ - INFO - Starting AI-Powered Supermarket Management System v2.0
2025-10-03 18:37:48,524 - __main__ - INFO - Starting AI-Powered Supermarket Management System v2.0
